<?xml version="1.0" encoding="UTF-8"?>
<testsuite name="de.oth.mocker.test.OthMockerTest" tests="1" skipped="0" failures="0" errors="0" timestamp="2015-11-08T22:22:59" hostname="Michi-PC" time="0.207">
  <properties/>
  <testcase name="testSomeLibraryMethods" classname="de.oth.mocker.test.OthMockerTest" time="0.207"/>
  <system-out><![CDATA[]]></system-out>
  <system-err><![CDATA[]]></system-err>
</testsuite>
